<?xml version="1.0" encoding="UTF-8"?>
<!-- Generated by org.testng.reporters.JUnitReportReporter -->
<testsuite hostname="SUNEETHA-PC" failures="0" tests="11" name="ToDoAssessment.TodoTestCases" time="16.567" errors="0" timestamp="2024-11-08T16:10:42 SGT" skipped="0">
  <testcase classname="ToDoAssessment.TodoTestCases" name="verifyActive" time="1.569"/>
  <testcase classname="ToDoAssessment.TodoTestCases" name="verifyMainPageAfterClearCompleted" time="1.391"/>
  <testcase classname="ToDoAssessment.TodoTestCases" name="VerifyDestroyButton" time="1.586"/>
  <testcase classname="ToDoAssessment.TodoTestCases" name="verifyCompleted" time="1.498"/>
  <testcase classname="ToDoAssessment.TodoTestCases" name="verifyCompletedPageClearCompleted" time="1.508"/>
  <testcase classname="ToDoAssessment.TodoTestCases" name="verifySelectDownArrowButtonTwotimes" time="1.470"/>
  <testcase classname="ToDoAssessment.TodoTestCases" name="addTodo" time="2.315"/>
  <testcase classname="ToDoAssessment.TodoTestCases" name="emptyTodo" time="1.037"/>
  <testcase classname="ToDoAssessment.TodoTestCases" name="verifySelectDownArrowButton" time="1.457"/>
  <testcase classname="ToDoAssessment.TodoTestCases" name="verifyEditInput" time="1.275"/>
  <testcase classname="ToDoAssessment.TodoTestCases" name="verifyAll" time="1.461"/>
</testsuite> <!-- ToDoAssessment.TodoTestCases -->
